{
    "meta": {
        "format": 3,
        "version": "7.11.0",
        "timestamp": "2025-11-05T20:21:31.293940",
        "branch_coverage": true,
        "show_contexts": false
    },
    "files": {
        "src/__init__.py": {
            "executed_lines": [
                1,
                3,
                4,
                6,
                8
            ],
            "summary": {
                "covered_lines": 4,
                "num_statements": 4,
                "percent_covered": 100.0,
                "percent_covered_display": "100.00",
                "missing_lines": 0,
                "excluded_lines": 0,
                "num_branches": 0,
                "num_partial_branches": 0,
                "covered_branches": 0,
                "missing_branches": 0
            },
            "missing_lines": [],
            "excluded_lines": [],
            "executed_branches": [],
            "missing_branches": [],
            "functions": {
                "": {
                    "executed_lines": [
                        1,
                        3,
                        4,
                        6,
                        8
                    ],
                    "summary": {
                        "covered_lines": 4,
                        "num_statements": 4,
                        "percent_covered": 100.0,
                        "percent_covered_display": "100.00",
                        "missing_lines": 0,
                        "excluded_lines": 0,
                        "num_branches": 0,
                        "num_partial_branches": 0,
                        "covered_branches": 0,
                        "missing_branches": 0
                    },
                    "missing_lines": [],
                    "excluded_lines": [],
                    "executed_branches": [],
                    "missing_branches": []
                }
            },
            "classes": {
                "": {
                    "executed_lines": [
                        1,
                        3,
                        4,
                        6,
                        8
                    ],
                    "summary": {
                        "covered_lines": 4,
                        "num_statements": 4,
                        "percent_covered": 100.0,
                        "percent_covered_display": "100.00",
                        "missing_lines": 0,
                        "excluded_lines": 0,
                        "num_branches": 0,
                        "num_partial_branches": 0,
                        "covered_branches": 0,
                        "missing_branches": 0
                    },
                    "missing_lines": [],
                    "excluded_lines": [],
                    "executed_branches": [],
                    "missing_branches": []
                }
            }
        },
        "src/agents/__init__.py": {
            "executed_lines": [
                1,
                3,
                4,
                5,
                6,
                8
            ],
            "summary": {
                "covered_lines": 5,
                "num_statements": 5,
                "percent_covered": 100.0,
                "percent_covered_display": "100.00",
                "missing_lines": 0,
                "excluded_lines": 0,
                "num_branches": 0,
                "num_partial_branches": 0,
                "covered_branches": 0,
                "missing_branches": 0
            },
            "missing_lines": [],
            "excluded_lines": [],
            "executed_branches": [],
            "missing_branches": [],
            "functions": {
                "": {
                    "executed_lines": [
                        1,
                        3,
                        4,
                        5,
                        6,
                        8
                    ],
                    "summary": {
                        "covered_lines": 5,
                        "num_statements": 5,
                        "percent_covered": 100.0,
                        "percent_covered_display": "100.00",
                        "missing_lines": 0,
                        "excluded_lines": 0,
                        "num_branches": 0,
                        "num_partial_branches": 0,
                        "covered_branches": 0,
                        "missing_branches": 0
                    },
                    "missing_lines": [],
                    "excluded_lines": [],
                    "executed_branches": [],
                    "missing_branches": []
                }
            },
            "classes": {
                "": {
                    "executed_lines": [
                        1,
                        3,
                        4,
                        5,
                        6,
                        8
                    ],
                    "summary": {
                        "covered_lines": 5,
                        "num_statements": 5,
                        "percent_covered": 100.0,
                        "percent_covered_display": "100.00",
                        "missing_lines": 0,
                        "excluded_lines": 0,
                        "num_branches": 0,
                        "num_partial_branches": 0,
                        "covered_branches": 0,
                        "missing_branches": 0
                    },
                    "missing_lines": [],
                    "excluded_lines": [],
                    "executed_branches": [],
                    "missing_branches": []
                }
            }
        },
        "src/agents/chat_agent.py": {
            "executed_lines": [
                1,
                3,
                5,
                6,
                8,
                11,
                12,
                14,
                22,
                23,
                24,
                26,
                55,
                59
            ],
            "summary": {
                "covered_lines": 12,
                "num_statements": 23,
                "percent_covered": 52.17391304347826,
                "percent_covered_display": "52.17",
                "missing_lines": 11,
                "excluded_lines": 0,
                "num_branches": 0,
                "num_partial_branches": 0,
                "covered_branches": 0,
                "missing_branches": 0
            },
            "missing_lines": [
                38,
                41,
                43,
                44,
                45,
                49,
                51,
                52,
                53,
                57,
                61
            ],
            "excluded_lines": [],
            "executed_branches": [],
            "missing_branches": [],
            "functions": {
                "ChatAgent.__init__": {
                    "executed_lines": [
                        22,
                        23,
                        24
                    ],
                    "summary": {
                        "covered_lines": 3,
                        "num_statements": 3,
                        "percent_covered": 100.0,
                        "percent_covered_display": "100.00",
                        "missing_lines": 0,
                        "excluded_lines": 0,
                        "num_branches": 0,
                        "num_partial_branches": 0,
                        "covered_branches": 0,
                        "missing_branches": 0
                    },
                    "missing_lines": [],
                    "excluded_lines": [],
                    "executed_branches": [],
                    "missing_branches": []
                },
                "ChatAgent.chat": {
                    "executed_lines": [],
                    "summary": {
                        "covered_lines": 0,
                        "num_statements": 9,
                        "percent_covered": 0.0,
                        "percent_covered_display": "0.00",
                        "missing_lines": 9,
                        "excluded_lines": 0,
                        "num_branches": 0,
                        "num_partial_branches": 0,
                        "covered_branches": 0,
                        "missing_branches": 0
                    },
                    "missing_lines": [
                        38,
                        41,
                        43,
                        44,
                        45,
                        49,
                        51,
                        52,
                        53
                    ],
                    "excluded_lines": [],
                    "executed_branches": [],
                    "missing_branches": []
                },
                "ChatAgent.clear_history": {
                    "executed_lines": [],
                    "summary": {
                        "covered_lines": 0,
                        "num_statements": 1,
                        "percent_covered": 0.0,
                        "percent_covered_display": "0.00",
                        "missing_lines": 1,
                        "excluded_lines": 0,
                        "num_branches": 0,
                        "num_partial_branches": 0,
                        "covered_branches": 0,
                        "missing_branches": 0
                    },
                    "missing_lines": [
                        57
                    ],
                    "excluded_lines": [],
                    "executed_branches": [],
                    "missing_branches": []
                },
                "ChatAgent.set_system_prompt": {
                    "executed_lines": [],
                    "summary": {
                        "covered_lines": 0,
                        "num_statements": 1,
                        "percent_covered": 0.0,
                        "percent_covered_display": "0.00",
                        "missing_lines": 1,
                        "excluded_lines": 0,
                        "num_branches": 0,
                        "num_partial_branches": 0,
                        "covered_branches": 0,
                        "missing_branches": 0
                    },
                    "missing_lines": [
                        61
                    ],
                    "excluded_lines": [],
                    "executed_branches": [],
                    "missing_branches": []
                },
                "": {
                    "executed_lines": [
                        1,
                        3,
                        5,
                        6,
                        8,
                        11,
                        12,
                        14,
                        26,
                        55,
                        59
                    ],
                    "summary": {
                        "covered_lines": 9,
                        "num_statements": 9,
                        "percent_covered": 100.0,
                        "percent_covered_display": "100.00",
                        "missing_lines": 0,
                        "excluded_lines": 0,
                        "num_branches": 0,
                        "num_partial_branches": 0,
                        "covered_branches": 0,
                        "missing_branches": 0
                    },
                    "missing_lines": [],
                    "excluded_lines": [],
                    "executed_branches": [],
                    "missing_branches": []
                }
            },
            "classes": {
                "ChatAgent": {
                    "executed_lines": [
                        22,
                        23,
                        24
                    ],
                    "summary": {
                        "covered_lines": 3,
                        "num_statements": 14,
                        "percent_covered": 21.428571428571427,
                        "percent_covered_display": "21.43",
                        "missing_lines": 11,
                        "excluded_lines": 0,
                        "num_branches": 0,
                        "num_partial_branches": 0,
                        "covered_branches": 0,
                        "missing_branches": 0
                    },
                    "missing_lines": [
                        38,
                        41,
                        43,
                        44,
                        45,
                        49,
                        51,
                        52,
                        53,
                        57,
                        61
                    ],
                    "excluded_lines": [],
                    "executed_branches": [],
                    "missing_branches": []
                },
                "": {
                    "executed_lines": [
                        1,
                        3,
                        5,
                        6,
                        8,
                        11,
                        12,
                        14,
                        26,
                        55,
                        59
                    ],
                    "summary": {
                        "covered_lines": 9,
                        "num_statements": 9,
                        "percent_covered": 100.0,
                        "percent_covered_display": "100.00",
                        "missing_lines": 0,
                        "excluded_lines": 0,
                        "num_branches": 0,
                        "num_partial_branches": 0,
                        "covered_branches": 0,
                        "missing_branches": 0
                    },
                    "missing_lines": [],
                    "excluded_lines": [],
                    "executed_branches": [],
                    "missing_branches": []
                }
            }
        },
        "src/agents/code_agent.py": {
            "executed_lines": [
                1,
                3,
                5,
                6,
                7,
                9,
                12,
                13,
                15,
                29,
                30,
                31,
                33,
                119,
                155
            ],
            "summary": {
                "covered_lines": 13,
                "num_statements": 69,
                "percent_covered": 13.68421052631579,
                "percent_covered_display": "13.68",
                "missing_lines": 56,
                "excluded_lines": 0,
                "num_branches": 26,
                "num_partial_branches": 0,
                "covered_branches": 0,
                "missing_branches": 26
            },
            "missing_lines": [
                49,
                52,
                53,
                55,
                57,
                58,
                59,
                60,
                61,
                62,
                65,
                66,
                68,
                69,
                70,
                71,
                72,
                82,
                83,
                85,
                87,
                88,
                89,
                90,
                91,
                93,
                94,
                95,
                96,
                99,
                100,
                102,
                110,
                122,
                134,
                138,
                139,
                142,
                143,
                144,
                145,
                146,
                147,
                149,
                151,
                152,
                153,
                165,
                166,
                185,
                203,
                207,
                208,
                209,
                210,
                211
            ],
            "excluded_lines": [],
            "executed_branches": [],
            "missing_branches": [
                [
                    52,
                    53
                ],
                [
                    52,
                    55
                ],
                [
                    57,
                    58
                ],
                [
                    57,
                    65
                ],
                [
                    65,
                    66
                ],
                [
                    65,
                    68
                ],
                [
                    69,
                    70
                ],
                [
                    69,
                    82
                ],
                [
                    70,
                    71
                ],
                [
                    70,
                    72
                ],
                [
                    82,
                    83
                ],
                [
                    82,
                    85
                ],
                [
                    87,
                    88
                ],
                [
                    87,
                    93
                ],
                [
                    88,
                    89
                ],
                [
                    88,
                    99
                ],
                [
                    93,
                    94
                ],
                [
                    93,
                    99
                ],
                [
                    99,
                    100
                ],
                [
                    99,
                    102
                ],
                [
                    144,
                    145
                ],
                [
                    144,
                    146
                ],
                [
                    146,
                    147
                ],
                [
                    146,
                    149
                ],
                [
                    165,
                    166
                ],
                [
                    165,
                    185
                ]
            ],
            "functions": {
                "CodeAgent.__init__": {
                    "executed_lines": [
                        29,
                        30,
                        31
                    ],
                    "summary": {
                        "covered_lines": 3,
                        "num_statements": 3,
                        "percent_covered": 100.0,
                        "percent_covered_display": "100.00",
                        "missing_lines": 0,
                        "excluded_lines": 0,
                        "num_branches": 0,
                        "num_partial_branches": 0,
                        "covered_branches": 0,
                        "missing_branches": 0
                    },
                    "missing_lines": [],
                    "excluded_lines": [],
                    "executed_branches": [],
                    "missing_branches": []
                },
                "CodeAgent.solve": {
                    "executed_lines": [],
                    "summary": {
                        "covered_lines": 0,
                        "num_statements": 33,
                        "percent_covered": 0.0,
                        "percent_covered_display": "0.00",
                        "missing_lines": 33,
                        "excluded_lines": 0,
                        "num_branches": 20,
                        "num_partial_branches": 0,
                        "covered_branches": 0,
                        "missing_branches": 20
                    },
                    "missing_lines": [
                        49,
                        52,
                        53,
                        55,
                        57,
                        58,
                        59,
                        60,
                        61,
                        62,
                        65,
                        66,
                        68,
                        69,
                        70,
                        71,
                        72,
                        82,
                        83,
                        85,
                        87,
                        88,
                        89,
                        90,
                        91,
                        93,
                        94,
                        95,
                        96,
                        99,
                        100,
                        102,
                        110
                    ],
                    "excluded_lines": [],
                    "executed_branches": [],
                    "missing_branches": [
                        [
                            52,
                            53
                        ],
                        [
                            52,
                            55
                        ],
                        [
                            57,
                            58
                        ],
                        [
                            57,
                            65
                        ],
                        [
                            65,
                            66
                        ],
                        [
                            65,
                            68
                        ],
                        [
                            69,
                            70
                        ],
                        [
                            69,
                            82
                        ],
                        [
                            70,
                            71
                        ],
                        [
                            70,
                            72
                        ],
                        [
                            82,
                            83
                        ],
                        [
                            82,
                            85
                        ],
                        [
                            87,
                            88
                        ],
                        [
                            87,
                            93
                        ],
                        [
                            88,
                            89
                        ],
                        [
                            88,
                            99
                        ],
                        [
                            93,
                            94
                        ],
                        [
                            93,
                            99
                        ],
                        [
                            99,
                            100
                        ],
                        [
                            99,
                            102
                        ]
                    ]
                },
                "CodeAgent._generate_code": {
                    "executed_lines": [],
                    "summary": {
                        "covered_lines": 0,
                        "num_statements": 14,
                        "percent_covered": 0.0,
                        "percent_covered_display": "0.00",
                        "missing_lines": 14,
                        "excluded_lines": 0,
                        "num_branches": 4,
                        "num_partial_branches": 0,
                        "covered_branches": 0,
                        "missing_branches": 4
                    },
                    "missing_lines": [
                        122,
                        134,
                        138,
                        139,
                        142,
                        143,
                        144,
                        145,
                        146,
                        147,
                        149,
                        151,
                        152,
                        153
                    ],
                    "excluded_lines": [],
                    "executed_branches": [],
                    "missing_branches": [
                        [
                            144,
                            145
                        ],
                        [
                            144,
                            146
                        ],
                        [
                            146,
                            147
                        ],
                        [
                            146,
                            149
                        ]
                    ]
                },
                "CodeAgent._explain_results": {
                    "executed_lines": [],
                    "summary": {
                        "covered_lines": 0,
                        "num_statements": 9,
                        "percent_covered": 0.0,
                        "percent_covered_display": "0.00",
                        "missing_lines": 9,
                        "excluded_lines": 0,
                        "num_branches": 2,
                        "num_partial_branches": 0,
                        "covered_branches": 0,
                        "missing_branches": 2
                    },
                    "missing_lines": [
                        165,
                        166,
                        185,
                        203,
                        207,
                        208,
                        209,
                        210,
                        211
                    ],
                    "excluded_lines": [],
                    "executed_branches": [],
                    "missing_branches": [
                        [
                            165,
                            166
                        ],
                        [
                            165,
                            185
                        ]
                    ]
                },
                "": {
                    "executed_lines": [
                        1,
                        3,
                        5,
                        6,
                        7,
                        9,
                        12,
                        13,
                        15,
                        33,
                        119,
                        155
                    ],
                    "summary": {
                        "covered_lines": 10,
                        "num_statements": 10,
                        "percent_covered": 100.0,
                        "percent_covered_display": "100.00",
                        "missing_lines": 0,
                        "excluded_lines": 0,
                        "num_branches": 0,
                        "num_partial_branches": 0,
                        "covered_branches": 0,
                        "missing_branches": 0
                    },
                    "missing_lines": [],
                    "excluded_lines": [],
                    "executed_branches": [],
                    "missing_branches": []
                }
            },
            "classes": {
                "CodeAgent": {
                    "executed_lines": [
                        29,
                        30,
                        31
                    ],
                    "summary": {
                        "covered_lines": 3,
                        "num_statements": 59,
                        "percent_covered": 3.5294117647058822,
                        "percent_covered_display": "3.53",
                        "missing_lines": 56,
                        "excluded_lines": 0,
                        "num_branches": 26,
                        "num_partial_branches": 0,
                        "covered_branches": 0,
                        "missing_branches": 26
                    },
                    "missing_lines": [
                        49,
                        52,
                        53,
                        55,
                        57,
                        58,
                        59,
                        60,
                        61,
                        62,
                        65,
                        66,
                        68,
                        69,
                        70,
                        71,
                        72,
                        82,
                        83,
                        85,
                        87,
                        88,
                        89,
                        90,
                        91,
                        93,
                        94,
                        95,
                        96,
                        99,
                        100,
                        102,
                        110,
                        122,
                        134,
                        138,
                        139,
                        142,
                        143,
                        144,
                        145,
                        146,
                        147,
                        149,
                        151,
                        152,
                        153,
                        165,
                        166,
                        185,
                        203,
                        207,
                        208,
                        209,
                        210,
                        211
                    ],
                    "excluded_lines": [],
                    "executed_branches": [],
                    "missing_branches": [
                        [
                            52,
                            53
                        ],
                        [
                            52,
                            55
                        ],
                        [
                            57,
                            58
                        ],
                        [
                            57,
                            65
                        ],
                        [
                            65,
                            66
                        ],
                        [
                            65,
                            68
                        ],
                        [
                            69,
                            70
                        ],
                        [
                            69,
                            82
                        ],
                        [
                            70,
                            71
                        ],
                        [
                            70,
                            72
                        ],
                        [
                            82,
                            83
                        ],
                        [
                            82,
                            85
                        ],
                        [
                            87,
                            88
                        ],
                        [
                            87,
                            93
                        ],
                        [
                            88,
                            89
                        ],
                        [
                            88,
                            99
                        ],
                        [
                            93,
                            94
                        ],
                        [
                            93,
                            99
                        ],
                        [
                            99,
                            100
                        ],
                        [
                            99,
                            102
                        ],
                        [
                            144,
                            145
                        ],
                        [
                            144,
                            146
                        ],
                        [
                            146,
                            147
                        ],
                        [
                            146,
                            149
                        ],
                        [
                            165,
                            166
                        ],
                        [
                            165,
                            185
                        ]
                    ]
                },
                "": {
                    "executed_lines": [
                        1,
                        3,
                        5,
                        6,
                        7,
                        9,
                        12,
                        13,
                        15,
                        33,
                        119,
                        155
                    ],
                    "summary": {
                        "covered_lines": 10,
                        "num_statements": 10,
                        "percent_covered": 100.0,
                        "percent_covered_display": "100.00",
                        "missing_lines": 0,
                        "excluded_lines": 0,
                        "num_branches": 0,
                        "num_partial_branches": 0,
                        "covered_branches": 0,
                        "missing_branches": 0
                    },
                    "missing_lines": [],
                    "excluded_lines": [],
                    "executed_branches": [],
                    "missing_branches": []
                }
            }
        },
        "src/agents/rag_agent.py": {
            "executed_lines": [
                1,
                3,
                5,
                6,
                7,
                8,
                9,
                10,
                12,
                15,
                16,
                18,
                87,
                176,
                233,
                305,
                354,
                358
            ],
            "summary": {
                "covered_lines": 16,
                "num_statements": 126,
                "percent_covered": 8.98876404494382,
                "percent_covered_display": "8.99",
                "missing_lines": 110,
                "excluded_lines": 0,
                "num_branches": 52,
                "num_partial_branches": 0,
                "covered_branches": 0,
                "missing_branches": 52
            },
            "missing_lines": [
                34,
                35,
                39,
                40,
                41,
                42,
                43,
                44,
                46,
                49,
                50,
                54,
                55,
                57,
                59,
                60,
                62,
                69,
                70,
                71,
                73,
                80,
                81,
                82,
                84,
                85,
                102,
                103,
                107,
                108,
                110,
                111,
                112,
                113,
                114,
                116,
                117,
                127,
                128,
                129,
                130,
                131,
                134,
                135,
                136,
                137,
                138,
                141,
                142,
                143,
                146,
                147,
                149,
                151,
                152,
                155,
                156,
                158,
                159,
                161,
                166,
                167,
                169,
                193,
                194,
                197,
                202,
                203,
                206,
                208,
                209,
                212,
                213,
                215,
                216,
                218,
                223,
                224,
                226,
                250,
                251,
                254,
                255,
                258,
                263,
                264,
                267,
                272,
                273,
                275,
                276,
                284,
                285,
                287,
                290,
                291,
                292,
                298,
                321,
                326,
                339,
                343,
                344,
                349,
                350,
                351,
                352,
                356,
                360,
                361
            ],
            "excluded_lines": [],
            "executed_branches": [],
            "missing_branches": [
                [
                    49,
                    50
                ],
                [
                    49,
                    54
                ],
                [
                    54,
                    55
                ],
                [
                    54,
                    57
                ],
                [
                    80,
                    81
                ],
                [
                    80,
                    84
                ],
                [
                    102,
                    103
                ],
                [
                    102,
                    107
                ],
                [
                    110,
                    111
                ],
                [
                    110,
                    141
                ],
                [
                    111,
                    112
                ],
                [
                    111,
                    113
                ],
                [
                    127,
                    128
                ],
                [
                    127,
                    146
                ],
                [
                    130,
                    131
                ],
                [
                    130,
                    146
                ],
                [
                    137,
                    138
                ],
                [
                    137,
                    146
                ],
                [
                    142,
                    143
                ],
                [
                    142,
                    146
                ],
                [
                    146,
                    147
                ],
                [
                    146,
                    149
                ],
                [
                    151,
                    152
                ],
                [
                    151,
                    155
                ],
                [
                    155,
                    156
                ],
                [
                    155,
                    158
                ],
                [
                    166,
                    167
                ],
                [
                    166,
                    169
                ],
                [
                    193,
                    194
                ],
                [
                    193,
                    197
                ],
                [
                    202,
                    203
                ],
                [
                    202,
                    206
                ],
                [
                    208,
                    209
                ],
                [
                    208,
                    212
                ],
                [
                    212,
                    213
                ],
                [
                    212,
                    215
                ],
                [
                    223,
                    224
                ],
                [
                    223,
                    226
                ],
                [
                    250,
                    251
                ],
                [
                    250,
                    254
                ],
                [
                    254,
                    255
                ],
                [
                    254,
                    258
                ],
                [
                    263,
                    264
                ],
                [
                    263,
                    267
                ],
                [
                    272,
                    273
                ],
                [
                    272,
                    275
                ],
                [
                    275,
                    276
                ],
                [
                    275,
                    284
                ],
                [
                    284,
                    285
                ],
                [
                    284,
                    287
                ],
                [
                    291,
                    292
                ],
                [
                    291,
                    298
                ]
            ],
            "functions": {
                "RAGAgent.__init__": {
                    "executed_lines": [],
                    "summary": {
                        "covered_lines": 0,
                        "num_statements": 26,
                        "percent_covered": 0.0,
                        "percent_covered_display": "0.00",
                        "missing_lines": 26,
                        "excluded_lines": 0,
                        "num_branches": 6,
                        "num_partial_branches": 0,
                        "covered_branches": 0,
                        "missing_branches": 6
                    },
                    "missing_lines": [
                        34,
                        35,
                        39,
                        40,
                        41,
                        42,
                        43,
                        44,
                        46,
                        49,
                        50,
                        54,
                        55,
                        57,
                        59,
                        60,
                        62,
                        69,
                        70,
                        71,
                        73,
                        80,
                        81,
                        82,
                        84,
                        85
                    ],
                    "excluded_lines": [],
                    "executed_branches": [],
                    "missing_branches": [
                        [
                            49,
                            50
                        ],
                        [
                            49,
                            54
                        ],
                        [
                            54,
                            55
                        ],
                        [
                            54,
                            57
                        ],
                        [
                            80,
                            81
                        ],
                        [
                            80,
                            84
                        ]
                    ]
                },
                "RAGAgent.ingest_document": {
                    "executed_lines": [],
                    "summary": {
                        "covered_lines": 0,
                        "num_statements": 37,
                        "percent_covered": 0.0,
                        "percent_covered_display": "0.00",
                        "missing_lines": 37,
                        "excluded_lines": 0,
                        "num_branches": 22,
                        "num_partial_branches": 0,
                        "covered_branches": 0,
                        "missing_branches": 22
                    },
                    "missing_lines": [
                        102,
                        103,
                        107,
                        108,
                        110,
                        111,
                        112,
                        113,
                        114,
                        116,
                        117,
                        127,
                        128,
                        129,
                        130,
                        131,
                        134,
                        135,
                        136,
                        137,
                        138,
                        141,
                        142,
                        143,
                        146,
                        147,
                        149,
                        151,
                        152,
                        155,
                        156,
                        158,
                        159,
                        161,
                        166,
                        167,
                        169
                    ],
                    "excluded_lines": [],
                    "executed_branches": [],
                    "missing_branches": [
                        [
                            102,
                            103
                        ],
                        [
                            102,
                            107
                        ],
                        [
                            110,
                            111
                        ],
                        [
                            110,
                            141
                        ],
                        [
                            111,
                            112
                        ],
                        [
                            111,
                            113
                        ],
                        [
                            127,
                            128
                        ],
                        [
                            127,
                            146
                        ],
                        [
                            130,
                            131
                        ],
                        [
                            130,
                            146
                        ],
                        [
                            137,
                            138
                        ],
                        [
                            137,
                            146
                        ],
                        [
                            142,
                            143
                        ],
                        [
                            142,
                            146
                        ],
                        [
                            146,
                            147
                        ],
                        [
                            146,
                            149
                        ],
                        [
                            151,
                            152
                        ],
                        [
                            151,
                            155
                        ],
                        [
                            155,
                            156
                        ],
                        [
                            155,
                            158
                        ],
                        [
                            166,
                            167
                        ],
                        [
                            166,
                            169
                        ]
                    ]
                },
                "RAGAgent.ingest_directory": {
                    "executed_lines": [],
                    "summary": {
                        "covered_lines": 0,
                        "num_statements": 16,
                        "percent_covered": 0.0,
                        "percent_covered_display": "0.00",
                        "missing_lines": 16,
                        "excluded_lines": 0,
                        "num_branches": 10,
                        "num_partial_branches": 0,
                        "covered_branches": 0,
                        "missing_branches": 10
                    },
                    "missing_lines": [
                        193,
                        194,
                        197,
                        202,
                        203,
                        206,
                        208,
                        209,
                        212,
                        213,
                        215,
                        216,
                        218,
                        223,
                        224,
                        226
                    ],
                    "excluded_lines": [],
                    "executed_branches": [],
                    "missing_branches": [
                        [
                            193,
                            194
                        ],
                        [
                            193,
                            197
                        ],
                        [
                            202,
                            203
                        ],
                        [
                            202,
                            206
                        ],
                        [
                            208,
                            209
                        ],
                        [
                            208,
                            212
                        ],
                        [
                            212,
                            213
                        ],
                        [
                            212,
                            215
                        ],
                        [
                            223,
                            224
                        ],
                        [
                            223,
                            226
                        ]
                    ]
                },
                "RAGAgent.query": {
                    "executed_lines": [],
                    "summary": {
                        "covered_lines": 0,
                        "num_statements": 19,
                        "percent_covered": 0.0,
                        "percent_covered_display": "0.00",
                        "missing_lines": 19,
                        "excluded_lines": 0,
                        "num_branches": 14,
                        "num_partial_branches": 0,
                        "covered_branches": 0,
                        "missing_branches": 14
                    },
                    "missing_lines": [
                        250,
                        251,
                        254,
                        255,
                        258,
                        263,
                        264,
                        267,
                        272,
                        273,
                        275,
                        276,
                        284,
                        285,
                        287,
                        290,
                        291,
                        292,
                        298
                    ],
                    "excluded_lines": [],
                    "executed_branches": [],
                    "missing_branches": [
                        [
                            250,
                            251
                        ],
                        [
                            250,
                            254
                        ],
                        [
                            254,
                            255
                        ],
                        [
                            254,
                            258
                        ],
                        [
                            263,
                            264
                        ],
                        [
                            263,
                            267
                        ],
                        [
                            272,
                            273
                        ],
                        [
                            272,
                            275
                        ],
                        [
                            275,
                            276
                        ],
                        [
                            275,
                            284
                        ],
                        [
                            284,
                            285
                        ],
                        [
                            284,
                            287
                        ],
                        [
                            291,
                            292
                        ],
                        [
                            291,
                            298
                        ]
                    ]
                },
                "RAGAgent._generate_answer": {
                    "executed_lines": [],
                    "summary": {
                        "covered_lines": 0,
                        "num_statements": 9,
                        "percent_covered": 0.0,
                        "percent_covered_display": "0.00",
                        "missing_lines": 9,
                        "excluded_lines": 0,
                        "num_branches": 0,
                        "num_partial_branches": 0,
                        "covered_branches": 0,
                        "missing_branches": 0
                    },
                    "missing_lines": [
                        321,
                        326,
                        339,
                        343,
                        344,
                        349,
                        350,
                        351,
                        352
                    ],
                    "excluded_lines": [],
                    "executed_branches": [],
                    "missing_branches": []
                },
                "RAGAgent.get_stats": {
                    "executed_lines": [],
                    "summary": {
                        "covered_lines": 0,
                        "num_statements": 1,
                        "percent_covered": 0.0,
                        "percent_covered_display": "0.00",
                        "missing_lines": 1,
                        "excluded_lines": 0,
                        "num_branches": 0,
                        "num_partial_branches": 0,
                        "covered_branches": 0,
                        "missing_branches": 0
                    },
                    "missing_lines": [
                        356
                    ],
                    "excluded_lines": [],
                    "executed_branches": [],
                    "missing_branches": []
                },
                "RAGAgent.clear_documents": {
                    "executed_lines": [],
                    "summary": {
                        "covered_lines": 0,
                        "num_statements": 2,
                        "percent_covered": 0.0,
                        "percent_covered_display": "0.00",
                        "missing_lines": 2,
                        "excluded_lines": 0,
                        "num_branches": 0,
                        "num_partial_branches": 0,
                        "covered_branches": 0,
                        "missing_branches": 0
                    },
                    "missing_lines": [
                        360,
                        361
                    ],
                    "excluded_lines": [],
                    "executed_branches": [],
                    "missing_branches": []
                },
                "": {
                    "executed_lines": [
                        1,
                        3,
                        5,
                        6,
                        7,
                        8,
                        9,
                        10,
                        12,
                        15,
                        16,
                        18,
                        87,
                        176,
                        233,
                        305,
                        354,
                        358
                    ],
                    "summary": {
                        "covered_lines": 16,
                        "num_statements": 16,
                        "percent_covered": 100.0,
                        "percent_covered_display": "100.00",
                        "missing_lines": 0,
                        "excluded_lines": 0,
                        "num_branches": 0,
                        "num_partial_branches": 0,
                        "covered_branches": 0,
                        "missing_branches": 0
                    },
                    "missing_lines": [],
                    "excluded_lines": [],
                    "executed_branches": [],
                    "missing_branches": []
                }
            },
            "classes": {
                "RAGAgent": {
                    "executed_lines": [],
                    "summary": {
                        "covered_lines": 0,
                        "num_statements": 110,
                        "percent_covered": 0.0,
                        "percent_covered_display": "0.00",
                        "missing_lines": 110,
                        "excluded_lines": 0,
                        "num_branches": 52,
                        "num_partial_branches": 0,
                        "covered_branches": 0,
                        "missing_branches": 52
                    },
                    "missing_lines": [
                        34,
                        35,
                        39,
                        40,
                        41,
                        42,
                        43,
                        44,
                        46,
                        49,
                        50,
                        54,
                        55,
                        57,
                        59,
                        60,
                        62,
                        69,
                        70,
                        71,
                        73,
                        80,
                        81,
                        82,
                        84,
                        85,
                        102,
                        103,
                        107,
                        108,
                        110,
                        111,
                        112,
                        113,
                        114,
                        116,
                        117,
                        127,
                        128,
                        129,
                        130,
                        131,
                        134,
                        135,
                        136,
                        137,
                        138,
                        141,
                        142,
                        143,
                        146,
                        147,
                        149,
                        151,
                        152,
                        155,
                        156,
                        158,
                        159,
                        161,
                        166,
                        167,
                        169,
                        193,
                        194,
                        197,
                        202,
                        203,
                        206,
                        208,
                        209,
                        212,
                        213,
                        215,
                        216,
                        218,
                        223,
                        224,
                        226,
                        250,
                        251,
                        254,
                        255,
                        258,
                        263,
                        264,
                        267,
                        272,
                        273,
                        275,
                        276,
                        284,
                        285,
                        287,
                        290,
                        291,
                        292,
                        298,
                        321,
                        326,
                        339,
                        343,
                        344,
                        349,
                        350,
                        351,
                        352,
                        356,
                        360,
                        361
                    ],
                    "excluded_lines": [],
                    "executed_branches": [],
                    "missing_branches": [
                        [
                            49,
                            50
                        ],
                        [
                            49,
                            54
                        ],
                        [
                            54,
                            55
                        ],
                        [
                            54,
                            57
                        ],
                        [
                            80,
                            81
                        ],
                        [
                            80,
                            84
                        ],
                        [
                            102,
                            103
                        ],
                        [
                            102,
                            107
                        ],
                        [
                            110,
                            111
                        ],
                        [
                            110,
                            141
                        ],
                        [
                            111,
                            112
                        ],
                        [
                            111,
                            113
                        ],
                        [
                            127,
                            128
                        ],
                        [
                            127,
                            146
                        ],
                        [
                            130,
                            131
                        ],
                        [
                            130,
                            146
                        ],
                        [
                            137,
                            138
                        ],
                        [
                            137,
                            146
                        ],
                        [
                            142,
                            143
                        ],
                        [
                            142,
                            146
                        ],
                        [
                            146,
                            147
                        ],
                        [
                            146,
                            149
                        ],
                        [
                            151,
                            152
                        ],
                        [
                            151,
                            155
                        ],
                        [
                            155,
                            156
                        ],
                        [
                            155,
                            158
                        ],
                        [
                            166,
                            167
                        ],
                        [
                            166,
                            169
                        ],
                        [
                            193,
                            194
                        ],
                        [
                            193,
                            197
                        ],
                        [
                            202,
                            203
                        ],
                        [
                            202,
                            206
                        ],
                        [
                            208,
                            209
                        ],
                        [
                            208,
                            212
                        ],
                        [
                            212,
                            213
                        ],
                        [
                            212,
                            215
                        ],
                        [
                            223,
                            224
                        ],
                        [
                            223,
                            226
                        ],
                        [
                            250,
                            251
                        ],
                        [
                            250,
                            254
                        ],
                        [
                            254,
                            255
                        ],
                        [
                            254,
                            258
                        ],
                        [
                            263,
                            264
                        ],
                        [
                            263,
                            267
                        ],
                        [
                            272,
                            273
                        ],
                        [
                            272,
                            275
                        ],
                        [
                            275,
                            276
                        ],
                        [
                            275,
                            284
                        ],
                        [
                            284,
                            285
                        ],
                        [
                            284,
                            287
                        ],
                        [
                            291,
                            292
                        ],
                        [
                            291,
                            298
                        ]
                    ]
                },
                "": {
                    "executed_lines": [
                        1,
                        3,
                        5,
                        6,
                        7,
                        8,
                        9,
                        10,
                        12,
                        15,
                        16,
                        18,
                        87,
                        176,
                        233,
                        305,
                        354,
                        358
                    ],
                    "summary": {
                        "covered_lines": 16,
                        "num_statements": 16,
                        "percent_covered": 100.0,
                        "percent_covered_display": "100.00",
                        "missing_lines": 0,
                        "excluded_lines": 0,
                        "num_branches": 0,
                        "num_partial_branches": 0,
                        "covered_branches": 0,
                        "missing_branches": 0
                    },
                    "missing_lines": [],
                    "excluded_lines": [],
                    "executed_branches": [],
                    "missing_branches": []
                }
            }
        },
        "src/agents/research_agent.py": {
            "executed_lines": [
                1,
                3,
                4,
                6,
                7,
                8,
                9,
                11,
                14,
                15,
                17,
                33,
                34,
                35,
                36,
                39,
                40,
                41,
                44,
                52,
                142,
                174,
                200
            ],
            "summary": {
                "covered_lines": 21,
                "num_statements": 86,
                "percent_covered": 18.96551724137931,
                "percent_covered_display": "18.97",
                "missing_lines": 65,
                "excluded_lines": 0,
                "num_branches": 30,
                "num_partial_branches": 1,
                "covered_branches": 1,
                "missing_branches": 29
            },
            "missing_lines": [
                48,
                49,
                50,
                68,
                71,
                72,
                74,
                75,
                77,
                78,
                79,
                80,
                83,
                84,
                86,
                92,
                93,
                94,
                96,
                97,
                100,
                101,
                103,
                104,
                110,
                111,
                114,
                115,
                117,
                123,
                137,
                138,
                140,
                145,
                155,
                159,
                160,
                163,
                164,
                165,
                166,
                168,
                170,
                171,
                172,
                177,
                178,
                180,
                187,
                191,
                192,
                196,
                197,
                198,
                209,
                210,
                211,
                212,
                214,
                228,
                232,
                233,
                234,
                235,
                236
            ],
            "excluded_lines": [],
            "executed_branches": [
                [
                    39,
                    40
                ]
            ],
            "missing_branches": [
                [
                    39,
                    48
                ],
                [
                    71,
                    72
                ],
                [
                    71,
                    74
                ],
                [
                    77,
                    78
                ],
                [
                    77,
                    83
                ],
                [
                    79,
                    80
                ],
                [
                    79,
                    83
                ],
                [
                    83,
                    84
                ],
                [
                    83,
                    86
                ],
                [
                    93,
                    94
                ],
                [
                    93,
                    96
                ],
                [
                    96,
                    97
                ],
                [
                    96,
                    100
                ],
                [
                    100,
                    101
                ],
                [
                    100,
                    103
                ],
                [
                    110,
                    111
                ],
                [
                    110,
                    114
                ],
                [
                    114,
                    115
                ],
                [
                    114,
                    117
                ],
                [
                    137,
                    138
                ],
                [
                    137,
                    140
                ],
                [
                    165,
                    166
                ],
                [
                    165,
                    168
                ],
                [
                    177,
                    178
                ],
                [
                    177,
                    180
                ],
                [
                    210,
                    211
                ],
                [
                    210,
                    214
                ],
                [
                    211,
                    210
                ],
                [
                    211,
                    212
                ]
            ],
            "functions": {
                "ResearchAgent.__init__": {
                    "executed_lines": [
                        33,
                        34,
                        35,
                        36,
                        39,
                        40,
                        41,
                        44
                    ],
                    "summary": {
                        "covered_lines": 8,
                        "num_statements": 11,
                        "percent_covered": 69.23076923076923,
                        "percent_covered_display": "69.23",
                        "missing_lines": 3,
                        "excluded_lines": 0,
                        "num_branches": 2,
                        "num_partial_branches": 1,
                        "covered_branches": 1,
                        "missing_branches": 1
                    },
                    "missing_lines": [
                        48,
                        49,
                        50
                    ],
                    "excluded_lines": [],
                    "executed_branches": [
                        [
                            39,
                            40
                        ]
                    ],
                    "missing_branches": [
                        [
                            39,
                            48
                        ]
                    ]
                },
                "ResearchAgent.research": {
                    "executed_lines": [],
                    "summary": {
                        "covered_lines": 0,
                        "num_statements": 30,
                        "percent_covered": 0.0,
                        "percent_covered_display": "0.00",
                        "missing_lines": 30,
                        "excluded_lines": 0,
                        "num_branches": 20,
                        "num_partial_branches": 0,
                        "covered_branches": 0,
                        "missing_branches": 20
                    },
                    "missing_lines": [
                        68,
                        71,
                        72,
                        74,
                        75,
                        77,
                        78,
                        79,
                        80,
                        83,
                        84,
                        86,
                        92,
                        93,
                        94,
                        96,
                        97,
                        100,
                        101,
                        103,
                        104,
                        110,
                        111,
                        114,
                        115,
                        117,
                        123,
                        137,
                        138,
                        140
                    ],
                    "excluded_lines": [],
                    "executed_branches": [],
                    "missing_branches": [
                        [
                            71,
                            72
                        ],
                        [
                            71,
                            74
                        ],
                        [
                            77,
                            78
                        ],
                        [
                            77,
                            83
                        ],
                        [
                            79,
                            80
                        ],
                        [
                            79,
                            83
                        ],
                        [
                            83,
                            84
                        ],
                        [
                            83,
                            86
                        ],
                        [
                            93,
                            94
                        ],
                        [
                            93,
                            96
                        ],
                        [
                            96,
                            97
                        ],
                        [
                            96,
                            100
                        ],
                        [
                            100,
                            101
                        ],
[...]
                    123
                ],
                [
                    122,
                    125
                ],
                [
                    126,
                    127
                ],
                [
                    126,
                    136
                ],
                [
                    127,
                    128
                ],
                [
                    127,
                    129
                ],
                [
                    129,
                    130
                ],
                [
                    129,
                    131
                ],
                [
                    131,
                    132
                ],
                [
                    131,
                    134
                ],
                [
                    149,
                    150
                ],
                [
                    149,
                    151
                ],
                [
                    151,
                    152
                ],
                [
                    151,
                    153
                ],
                [
                    153,
                    154
                ],
                [
                    153,
                    156
                ],
                [
                    173,
                    174
                ],
                [
                    173,
                    176
                ]
            ],
            "functions": {
                "sanitize_string": {
                    "executed_lines": [],
                    "summary": {
                        "covered_lines": 0,
                        "num_statements": 6,
                        "percent_covered": 0.0,
                        "percent_covered_display": "0.00",
                        "missing_lines": 6,
                        "excluded_lines": 0,
                        "num_branches": 4,
                        "num_partial_branches": 0,
                        "covered_branches": 0,
                        "missing_branches": 4
                    },
                    "missing_lines": [
                        67,
                        68,
                        70,
                        71,
                        72,
                        74
                    ],
                    "excluded_lines": [],
                    "executed_branches": [],
                    "missing_branches": [
                        [
                            67,
                            68
                        ],
                        [
                            67,
                            70
                        ],
                        [
                            71,
                            72
                        ],
                        [
                            71,
                            74
                        ]
                    ]
                },
                "sanitize_dict": {
                    "executed_lines": [],
                    "summary": {
                        "covered_lines": 0,
                        "num_statements": 14,
                        "percent_covered": 0.0,
                        "percent_covered_display": "0.00",
                        "missing_lines": 14,
                        "excluded_lines": 0,
                        "num_branches": 12,
                        "num_partial_branches": 0,
                        "covered_branches": 0,
                        "missing_branches": 12
                    },
                    "missing_lines": [
                        87,
                        88,
                        90,
                        91,
                        93,
                        94,
                        95,
                        96,
                        97,
                        98,
                        104,
                        105,
                        107,
                        109
                    ],
                    "excluded_lines": [],
                    "executed_branches": [],
                    "missing_branches": [
                        [
                            87,
                            88
                        ],
                        [
                            87,
                            90
                        ],
                        [
                            91,
                            93
                        ],
                        [
                            91,
                            109
                        ],
                        [
                            93,
                            94
                        ],
                        [
                            93,
                            95
                        ],
                        [
                            95,
                            96
                        ],
                        [
                            95,
                            97
                        ],
                        [
                            97,
                            98
                        ],
                        [
                            97,
                            104
                        ],
                        [
                            104,
                            105
                        ],
                        [
                            104,
                            107
                        ]
                    ]
                },
                "sanitize_list": {
                    "executed_lines": [],
                    "summary": {
                        "covered_lines": 0,
                        "num_statements": 12,
                        "percent_covered": 0.0,
                        "percent_covered_display": "0.00",
                        "missing_lines": 12,
                        "excluded_lines": 0,
                        "num_branches": 10,
                        "num_partial_branches": 0,
                        "covered_branches": 0,
                        "missing_branches": 10
                    },
                    "missing_lines": [
                        122,
                        123,
                        125,
                        126,
                        127,
                        128,
                        129,
                        130,
                        131,
                        132,
                        134,
                        136
                    ],
                    "excluded_lines": [],
                    "executed_branches": [],
                    "missing_branches": [
                        [
                            122,
                            123
                        ],
                        [
                            122,
                            125
                        ],
                        [
                            126,
                            127
                        ],
                        [
                            126,
                            136
                        ],
                        [
                            127,
                            128
                        ],
                        [
                            127,
                            129
                        ],
                        [
                            129,
                            130
                        ],
                        [
                            129,
                            131
                        ],
                        [
                            131,
                            132
                        ],
                        [
                            131,
                            134
                        ]
                    ]
                },
                "sanitize": {
                    "executed_lines": [],
                    "summary": {
                        "covered_lines": 0,
                        "num_statements": 7,
                        "percent_covered": 0.0,
                        "percent_covered_display": "0.00",
                        "missing_lines": 7,
                        "excluded_lines": 0,
                        "num_branches": 6,
                        "num_partial_branches": 0,
                        "covered_branches": 0,
                        "missing_branches": 6
                    },
                    "missing_lines": [
                        149,
                        150,
                        151,
                        152,
                        153,
                        154,
                        156
                    ],
                    "excluded_lines": [],
                    "executed_branches": [],
                    "missing_branches": [
                        [
                            149,
                            150
                        ],
                        [
                            149,
                            151
                        ],
                        [
                            151,
                            152
                        ],
                        [
                            151,
                            153
                        ],
                        [
                            153,
                            154
                        ],
                        [
                            153,
                            156
                        ]
                    ]
                },
                "mask_value": {
                    "executed_lines": [],
                    "summary": {
                        "covered_lines": 0,
                        "num_statements": 3,
                        "percent_covered": 0.0,
                        "percent_covered_display": "0.00",
                        "missing_lines": 3,
                        "excluded_lines": 0,
                        "num_branches": 2,
                        "num_partial_branches": 0,
                        "covered_branches": 0,
                        "missing_branches": 2
                    },
                    "missing_lines": [
                        173,
                        174,
                        176
                    ],
                    "excluded_lines": [],
                    "executed_branches": [],
                    "missing_branches": [
                        [
                            173,
                            174
                        ],
                        [
                            173,
                            176
                        ]
                    ]
                },
                "is_sensitive_key": {
                    "executed_lines": [],
                    "summary": {
                        "covered_lines": 0,
                        "num_statements": 1,
                        "percent_covered": 0.0,
                        "percent_covered_display": "0.00",
                        "missing_lines": 1,
                        "excluded_lines": 1,
                        "num_branches": 0,
                        "num_partial_branches": 0,
                        "covered_branches": 0,
                        "missing_branches": 0
                    },
                    "missing_lines": [
                        188
                    ],
                    "excluded_lines": [
                        189
                    ],
                    "executed_branches": [],
                    "missing_branches": []
                },
                "": {
                    "executed_lines": [
                        1,
                        7,
                        8,
                        12,
                        45,
                        58,
                        77,
                        112,
                        139,
                        159,
                        179
                    ],
                    "summary": {
                        "covered_lines": 8,
                        "num_statements": 8,
                        "percent_covered": 100.0,
                        "percent_covered_display": "100.00",
                        "missing_lines": 0,
                        "excluded_lines": 3,
                        "num_branches": 0,
                        "num_partial_branches": 0,
                        "covered_branches": 0,
                        "missing_branches": 0
                    },
                    "missing_lines": [],
                    "excluded_lines": [
                        1,
                        12,
                        45
                    ],
                    "executed_branches": [],
                    "missing_branches": []
                }
            },
            "classes": {
                "": {
                    "executed_lines": [
                        1,
                        7,
                        8,
                        12,
                        45,
                        58,
                        77,
                        112,
                        139,
                        159,
                        179
                    ],
                    "summary": {
                        "covered_lines": 8,
                        "num_statements": 51,
                        "percent_covered": 9.411764705882353,
                        "percent_covered_display": "9.41",
                        "missing_lines": 43,
                        "excluded_lines": 4,
                        "num_branches": 34,
                        "num_partial_branches": 0,
                        "covered_branches": 0,
                        "missing_branches": 34
                    },
                    "missing_lines": [
                        67,
                        68,
                        70,
                        71,
                        72,
                        74,
                        87,
                        88,
                        90,
                        91,
                        93,
                        94,
                        95,
                        96,
                        97,
                        98,
                        104,
                        105,
                        107,
                        109,
                        122,
                        123,
                        125,
                        126,
                        127,
                        128,
                        129,
                        130,
                        131,
                        132,
                        134,
                        136,
                        149,
                        150,
                        151,
                        152,
                        153,
                        154,
                        156,
                        173,
                        174,
                        176,
                        188
                    ],
                    "excluded_lines": [
                        1,
                        12,
                        45,
                        189
                    ],
                    "executed_branches": [],
                    "missing_branches": [
                        [
                            67,
                            68
                        ],
                        [
                            67,
                            70
                        ],
                        [
                            71,
                            72
                        ],
                        [
                            71,
                            74
                        ],
                        [
                            87,
                            88
                        ],
                        [
                            87,
                            90
                        ],
                        [
                            91,
                            93
                        ],
                        [
                            91,
                            109
                        ],
                        [
                            93,
                            94
                        ],
                        [
                            93,
                            95
                        ],
                        [
                            95,
                            96
                        ],
                        [
                            95,
                            97
                        ],
                        [
                            97,
                            98
                        ],
                        [
                            97,
                            104
                        ],
                        [
                            104,
                            105
                        ],
                        [
                            104,
                            107
                        ],
                        [
                            122,
                            123
                        ],
                        [
                            122,
                            125
                        ],
                        [
                            126,
                            127
                        ],
                        [
                            126,
                            136
                        ],
                        [
                            127,
                            128
                        ],
                        [
                            127,
                            129
                        ],
                        [
                            129,
                            130
                        ],
                        [
                            129,
                            131
                        ],
                        [
                            131,
                            132
                        ],
                        [
                            131,
                            134
                        ],
                        [
                            149,
                            150
                        ],
                        [
                            149,
                            151
                        ],
                        [
                            151,
                            152
                        ],
                        [
                            151,
                            153
                        ],
                        [
                            153,
                            154
                        ],
                        [
                            153,
                            156
                        ],
                        [
                            173,
                            174
                        ],
                        [
                            173,
                            176
                        ]
                    ]
                }
            }
        }
    },
    "totals": {
        "covered_lines": 919,
        "num_statements": 3064,
        "percent_covered": 23.74064837905237,
        "percent_covered_display": "23.74",
        "missing_lines": 2145,
        "excluded_lines": 82,
        "num_branches": 946,
        "num_partial_branches": 25,
        "covered_branches": 33,
        "missing_branches": 913
    }
}